Unreal Engine/Kitty_Rush/Intermediate/Android/armv7/gradle/app/build/intermediates/manifest_merge_blame_file/debug/manifest-merger-blame-debug-report.txt
1<?xml version="1.0" encoding="utf-8"?>
2<manifest xmlns:android="http://schemas.android.com/apk/res/android"
3    package="com.YourCompany.TestAndroid"
4    android:installLocation="internalOnly"
5    android:versionCode="1"
6    android:versionName="1.0" >
7
8    <uses-sdk
9        android:minSdkVersion="21"
9-->src\main\AndroidManifest.xml
10        android:targetSdkVersion="28" />
10-->src\main\AndroidManifest.xml
11    <!-- Requirements -->
12    <uses-feature
12-->src\main\AndroidManifest.xml:48:3-76
13        android:glEsVersion="0x00030001"
13-->src\main\AndroidManifest.xml:48:17-49
14        android:required="true" />
14-->src\main\AndroidManifest.xml:48:50-73
15
16    <uses-permission android:name="android.permission.INTERNET" />
16-->src\main\AndroidManifest.xml:49:3-65
16-->src\main\AndroidManifest.xml:49:20-62
17    <uses-permission android:name="android.permission.WRITE_EXTERNAL_STORAGE" />
17-->src\main\AndroidManifest.xml:50:3-79
17-->src\main\AndroidManifest.xml:50:20-76
18    <uses-permission android:name="android.permission.ACCESS_NETWORK_STATE" />
18-->src\main\AndroidManifest.xml:51:3-77
18-->src\main\AndroidManifest.xml:51:20-74
19    <uses-permission android:name="android.permission.WAKE_LOCK" />
19-->src\main\AndroidManifest.xml:52:3-66
19-->src\main\AndroidManifest.xml:52:20-63
20    <uses-permission android:name="com.android.vending.CHECK_LICENSE" />
20-->src\main\AndroidManifest.xml:53:3-71
20-->src\main\AndroidManifest.xml:53:20-68
21    <uses-permission android:name="android.permission.ACCESS_WIFI_STATE" />
21-->src\main\AndroidManifest.xml:54:3-74
21-->src\main\AndroidManifest.xml:54:20-71
22    <uses-permission android:name="android.permission.MODIFY_AUDIO_SETTINGS" />
22-->src\main\AndroidManifest.xml:55:3-78
22-->src\main\AndroidManifest.xml:55:20-75
23    <uses-permission android:name="android.permission.VIBRATE" />
23-->src\main\AndroidManifest.xml:56:3-64
23-->src\main\AndroidManifest.xml:56:20-61
24    <uses-permission android:name="com.android.vending.BILLING" />
24-->src\main\AndroidManifest.xml:57:3-65
24-->src\main\AndroidManifest.xml:57:20-62
25    <!-- Supported texture compression formats (cooked) -->
26    <supports-gl-texture android:name="GL_KHR_texture_compression_astc_ldr" />
26-->src\main\AndroidManifest.xml:59:3-77
26-->src\main\AndroidManifest.xml:59:24-74
27    <!-- Application Definition -->
28    <application
28-->src\main\AndroidManifest.xml:3:3-46:17
29        android:name="com.epicgames.ue4.GameApplication"
29-->src\main\AndroidManifest.xml:3:147-195
30        android:debuggable="true"
31        android:extractNativeLibs="true"
31-->src\main\AndroidManifest.xml:3:114-146
32        android:hardwareAccelerated="true"
32-->src\main\AndroidManifest.xml:3:79-113
33        android:hasCode="true"
33-->src\main\AndroidManifest.xml:3:240-262
34        android:icon="@drawable/icon"
34-->src\main\AndroidManifest.xml:3:49-78
35        android:label="@string/app_name"
35-->src\main\AndroidManifest.xml:3:16-48
36        android:requestLegacyExternalStorage="true" >
36-->src\main\AndroidManifest.xml:3:196-239
37        <activity
37-->src\main\AndroidManifest.xml:4:5-9:16
38            android:name="com.epicgames.ue4.SplashActivity"
38-->src\main\AndroidManifest.xml:4:15-62
39            android:debuggable="true"
39-->src\main\AndroidManifest.xml:4:204-229
40            android:label="@string/app_name"
40-->src\main\AndroidManifest.xml:4:63-95
41            android:launchMode="singleTask"
41-->src\main\AndroidManifest.xml:4:134-165
42            android:screenOrientation="landscape"
42-->src\main\AndroidManifest.xml:4:166-203
43            android:theme="@style/UE4SplashTheme" >
43-->src\main\AndroidManifest.xml:4:96-133
44            <intent-filter>
44-->src\main\AndroidManifest.xml:5:7-8:23
45                <action android:name="android.intent.action.MAIN" />
45-->src\main\AndroidManifest.xml:6:9-61
45-->src\main\AndroidManifest.xml:6:17-58
46
47                <category android:name="android.intent.category.LAUNCHER" />
47-->src\main\AndroidManifest.xml:7:9-69
47-->src\main\AndroidManifest.xml:7:19-66
48            </intent-filter>
49        </activity>
50        <activity
50-->src\main\AndroidManifest.xml:10:5-12:16
51            android:name="com.epicgames.ue4.GameActivity"
51-->src\main\AndroidManifest.xml:10:15-60
52            android:configChanges="mcc|mnc|uiMode|density|screenSize|smallestScreenSize|screenLayout|orientation|keyboardHidden|keyboard"
52-->src\main\AndroidManifest.xml:10:132-257
53            android:debuggable="true"
53-->src\main\AndroidManifest.xml:10:363-388
54            android:label="@string/app_name"
54-->src\main\AndroidManifest.xml:10:61-93
55            android:launchMode="singleTask"
55-->src\main\AndroidManifest.xml:10:293-324
56            android:resizeableActivity="false"
56-->src\main\AndroidManifest.xml:10:258-292
57            android:screenOrientation="landscape"
57-->src\main\AndroidManifest.xml:10:325-362
58            android:theme="@style/UE4SplashTheme" >
58-->src\main\AndroidManifest.xml:10:94-131
59            <meta-data
59-->src\main\AndroidManifest.xml:11:7-76
60                android:name="android.app.lib_name"
60-->src\main\AndroidManifest.xml:11:18-53
61                android:value="UE4" />
61-->src\main\AndroidManifest.xml:11:54-73
62        </activity>
63        <activity
63-->src\main\AndroidManifest.xml:13:5-222
64            android:name="com.YourCompany.TestAndroid.DownloaderActivity"
64-->src\main\AndroidManifest.xml:13:15-49
65            android:configChanges="mcc|mnc|uiMode|density|screenSize|orientation|keyboardHidden|keyboard"
65-->src\main\AndroidManifest.xml:13:88-181
66            android:screenOrientation="landscape"
66-->src\main\AndroidManifest.xml:13:50-87
67            android:theme="@style/UE4SplashTheme" />
67-->src\main\AndroidManifest.xml:13:182-219
68
69        <meta-data
69-->src\main\AndroidManifest.xml:14:5-101
70            android:name="com.epicgames.ue4.GameActivity.EngineVersion"
70-->src\main\AndroidManifest.xml:14:16-75
71            android:value="4.26.2" />
71-->src\main\AndroidManifest.xml:14:76-98
72        <meta-data
72-->src\main\AndroidManifest.xml:15:5-112
73            android:name="com.epicgames.ue4.GameActivity.EngineBranch"
73-->src\main\AndroidManifest.xml:15:16-74
74            android:value="++UE4+Release-4.26" />
74-->src\main\AndroidManifest.xml:15:75-109
75        <meta-data
75-->src\main\AndroidManifest.xml:16:5-103
76            android:name="com.epicgames.ue4.GameActivity.ProjectVersion"
76-->src\main\AndroidManifest.xml:16:16-76
77            android:value="1.0.0.0" />
77-->src\main\AndroidManifest.xml:16:77-100
78        <meta-data
78-->src\main\AndroidManifest.xml:17:5-104
79            android:name="com.epicgames.ue4.GameActivity.DepthBufferPreference"
79-->src\main\AndroidManifest.xml:17:16-83
80            android:value="0" />
80-->src\main\AndroidManifest.xml:17:84-101
81        <meta-data
81-->src\main\AndroidManifest.xml:18:5-108
82            android:name="com.epicgames.ue4.GameActivity.bPackageDataInsideApk"
82-->src\main\AndroidManifest.xml:18:16-83
83            android:value="false" />
83-->src\main\AndroidManifest.xml:18:84-105
84        <meta-data
84-->src\main\AndroidManifest.xml:19:5-106
85            android:name="com.epicgames.ue4.GameActivity.bVerifyOBBOnStartUp"
85-->src\main\AndroidManifest.xml:19:16-81
86            android:value="false" />
86-->src\main\AndroidManifest.xml:19:82-103
87        <meta-data
87-->src\main\AndroidManifest.xml:20:5-99
88            android:name="com.epicgames.ue4.GameActivity.bShouldHideUI"
88-->src\main\AndroidManifest.xml:20:16-75
89            android:value="true" />
89-->src\main\AndroidManifest.xml:20:76-96
90        <meta-data
90-->src\main\AndroidManifest.xml:21:5-104
91            android:name="com.epicgames.ue4.GameActivity.ProjectName"
91-->src\main\AndroidManifest.xml:21:16-73
92            android:value="TestAndroid" />
92-->src\main\AndroidManifest.xml:21:74-101
93        <meta-data
93-->src\main\AndroidManifest.xml:22:5-89
94            android:name="com.epicgames.ue4.GameActivity.AppType"
94-->src\main\AndroidManifest.xml:22:16-69
95            android:value="" />
95-->src\main\AndroidManifest.xml:22:70-86
96        <meta-data
96-->src\main\AndroidManifest.xml:23:5-99
97            android:name="com.epicgames.ue4.GameActivity.bHasOBBFiles"
97-->src\main\AndroidManifest.xml:23:16-74
98            android:value="false" />
98-->src\main\AndroidManifest.xml:23:75-96
99        <meta-data
99-->src\main\AndroidManifest.xml:24:5-111
100            android:name="com.epicgames.ue4.GameActivity.BuildConfiguration"
100-->src\main\AndroidManifest.xml:24:16-80
101            android:value="Development" />
101-->src\main\AndroidManifest.xml:24:81-108
102        <meta-data
102-->src\main\AndroidManifest.xml:25:5-99
103            android:name="com.epicgames.ue4.GameActivity.CookedFlavors"
103-->src\main\AndroidManifest.xml:25:16-75
104            android:value="ASTC" />
104-->src\main\AndroidManifest.xml:25:76-96
105        <meta-data
105-->src\main\AndroidManifest.xml:26:5-109
106            android:name="com.epicgames.ue4.GameActivity.bValidateTextureFormats"
106-->src\main\AndroidManifest.xml:26:16-85
107            android:value="true" />
107-->src\main\AndroidManifest.xml:26:86-106
108        <meta-data
108-->src\main\AndroidManifest.xml:27:5-107
109            android:name="com.epicgames.ue4.GameActivity.bUseExternalFilesDir"
109-->src\main\AndroidManifest.xml:27:16-82
110            android:value="false" />
110-->src\main\AndroidManifest.xml:27:83-104
111        <meta-data
111-->src\main\AndroidManifest.xml:28:5-102
112            android:name="com.epicgames.ue4.GameActivity.bPublicLogFiles"
112-->src\main\AndroidManifest.xml:28:16-77
113            android:value="false" />
113-->src\main\AndroidManifest.xml:28:78-99
114        <meta-data
114-->src\main\AndroidManifest.xml:29:5-104
115            android:name="com.epicgames.ue4.GameActivity.bUseDisplayCutout"
115-->src\main\AndroidManifest.xml:29:16-79
116            android:value="false" />
116-->src\main\AndroidManifest.xml:29:80-101
117        <meta-data
117-->src\main\AndroidManifest.xml:30:5-95
118            android:name="com.epicgames.ue4.GameActivity.bAllowIMU"
118-->src\main\AndroidManifest.xml:30:16-71
119            android:value="true" />
119-->src\main\AndroidManifest.xml:30:72-92
120        <meta-data
120-->src\main\AndroidManifest.xml:31:5-102
121            android:name="com.epicgames.ue4.GameActivity.bSupportsVulkan"
121-->src\main\AndroidManifest.xml:31:16-77
122            android:value="false" />
122-->src\main\AndroidManifest.xml:31:78-99
123        <meta-data
123-->src\main\AndroidManifest.xml:32:5-141
124            android:name="com.epicgames.ue4.GameActivity.StartupPermissions"
124-->src\main\AndroidManifest.xml:32:16-80
125            android:value="android.permission.WRITE_EXTERNAL_STORAGE" />
125-->src\main\AndroidManifest.xml:32:81-138
126        <meta-data
126-->src\main\AndroidManifest.xml:33:5-100
127            android:name="com.google.android.gms.games.APP_ID"
127-->src\main\AndroidManifest.xml:33:16-66
128            android:value="@string/app_id" />
128-->src\main\AndroidManifest.xml:33:67-97
129        <meta-data
129-->src\main\AndroidManifest.xml:34:5-118
130            android:name="com.google.android.gms.version"
130-->src\main\AndroidManifest.xml:34:16-61
131            android:value="@integer/google_play_services_version" />
131-->src\main\AndroidManifest.xml:34:62-115
132
133        <activity
133-->src\main\AndroidManifest.xml:35:5-180
134            android:name="com.google.android.gms.ads.AdActivity"
134-->src\main\AndroidManifest.xml:35:15-67
135            android:configChanges="keyboard|keyboardHidden|orientation|screenLayout|uiMode|screenSize|smallestScreenSize"
135-->src\main\AndroidManifest.xml:35:68-177
136            android:exported="false"
136-->[com.google.android.gms:play-services-ads-lite:11.8.0] AndroidManifest.xml:32:13-37
137            android:theme="@android:style/Theme.Translucent" />
137-->[com.google.android.gms:play-services-ads-lite:11.8.0] AndroidManifest.xml:33:13-61
138
139        <service android:name="com.YourCompany.TestAndroid.OBBDownloaderService" />
139-->src\main\AndroidManifest.xml:36:5-52
139-->src\main\AndroidManifest.xml:36:14-49
140
141        <receiver android:name="com.YourCompany.TestAndroid.AlarmReceiver" />
141-->src\main\AndroidManifest.xml:37:5-46
141-->src\main\AndroidManifest.xml:37:15-43
142        <receiver android:name="com.epicgames.ue4.LocalNotificationReceiver" />
142-->src\main\AndroidManifest.xml:38:5-76
142-->src\main\AndroidManifest.xml:38:15-73
143        <receiver
143-->src\main\AndroidManifest.xml:39:5-43:16
144            android:name="com.epicgames.ue4.MulticastBroadcastReceiver"
144-->src\main\AndroidManifest.xml:39:15-74
145            android:exported="true" >
145-->src\main\AndroidManifest.xml:39:75-98
146            <intent-filter>
146-->src\main\AndroidManifest.xml:40:7-42:23
147                <action android:name="com.android.vending.INSTALL_REFERRER" />
147-->src\main\AndroidManifest.xml:41:9-71
147-->src\main\AndroidManifest.xml:41:17-68
148            </intent-filter>
149        </receiver>
150
151        <meta-data
151-->src\main\AndroidManifest.xml:44:5-73
152            android:name="android.max_aspect"
152-->src\main\AndroidManifest.xml:44:16-49
153            android:value="2.10" />
153-->src\main\AndroidManifest.xml:44:50-70
154        <meta-data
154-->src\main\AndroidManifest.xml:45:5-83
155            android:name="com.oculus.supportedDevices"
155-->src\main\AndroidManifest.xml:45:16-58
156            android:value="quest" />
156-->src\main\AndroidManifest.xml:45:59-80
157
158        <activity
158-->[com.google.android.gms:play-services-auth:11.8.0] AndroidManifest.xml:23:9-27:75
159            android:name="com.google.android.gms.auth.api.signin.internal.SignInHubActivity"
159-->[com.google.android.gms:play-services-auth:11.8.0] AndroidManifest.xml:24:13-93
160            android:excludeFromRecents="true"
160-->[com.google.android.gms:play-services-auth:11.8.0] AndroidManifest.xml:25:13-46
161            android:exported="false"
161-->[com.google.android.gms:play-services-auth:11.8.0] AndroidManifest.xml:26:13-37
162            android:theme="@android:style/Theme.Translucent.NoTitleBar" />
162-->[com.google.android.gms:play-services-auth:11.8.0] AndroidManifest.xml:27:13-72
163        <!--
164            Service handling Google Sign-In user revocation. For apps that do not integrate with
165            Google Sign-In, this service will never be started.
166        -->
167        <service
167-->[com.google.android.gms:play-services-auth:11.8.0] AndroidManifest.xml:33:9-36:110
168            android:name="com.google.android.gms.auth.api.signin.RevocationBoundService"
168-->[com.google.android.gms:play-services-auth:11.8.0] AndroidManifest.xml:34:13-89
169            android:exported="true"
169-->[com.google.android.gms:play-services-auth:11.8.0] AndroidManifest.xml:35:13-36
170            android:permission="com.google.android.gms.auth.api.signin.permission.REVOCATION_NOTIFICATION" />
170-->[com.google.android.gms:play-services-auth:11.8.0] AndroidManifest.xml:36:13-107
171
172        <meta-data
172-->[com.android.billingclient:billing:3.0.0] AndroidManifest.xml:13:9-15:37
173            android:name="com.google.android.play.billingclient.version"
173-->[com.android.billingclient:billing:3.0.0] AndroidManifest.xml:14:13-73
174            android:value="3.0.0" />
174-->[com.android.billingclient:billing:3.0.0] AndroidManifest.xml:15:13-34
175
176        <activity
176-->[com.android.billingclient:billing:3.0.0] AndroidManifest.xml:17:9-20:75
177            android:name="com.android.billingclient.api.ProxyBillingActivity"
177-->[com.android.billingclient:billing:3.0.0] AndroidManifest.xml:18:13-78
178            android:configChanges="keyboard|keyboardHidden|screenLayout|screenSize|orientation"
178-->[com.android.billingclient:billing:3.0.0] AndroidManifest.xml:19:13-96
179            android:theme="@android:style/Theme.Translucent.NoTitleBar" />
179-->[com.android.billingclient:billing:3.0.0] AndroidManifest.xml:20:13-72
180
181        <provider
181-->[android.arch.lifecycle:extensions:1.1.1] AndroidManifest.xml:23:9-27:43
182            android:name="android.arch.lifecycle.ProcessLifecycleOwnerInitializer"
182-->[android.arch.lifecycle:extensions:1.1.1] AndroidManifest.xml:24:13-83
183            android:authorities="com.YourCompany.TestAndroid.lifecycle-trojan"
183-->[android.arch.lifecycle:extensions:1.1.1] AndroidManifest.xml:25:13-68
184            android:exported="false"
184-->[android.arch.lifecycle:extensions:1.1.1] AndroidManifest.xml:26:13-37
185            android:multiprocess="true" />
185-->[android.arch.lifecycle:extensions:1.1.1] AndroidManifest.xml:27:13-40
186
187        <activity
187-->[com.google.android.gms:play-services-base:11.8.0] AndroidManifest.xml:23:9-26:75
188            android:name="com.google.android.gms.common.api.GoogleApiActivity"
188-->[com.google.android.gms:play-services-base:11.8.0] AndroidManifest.xml:24:13-79
189            android:exported="false"
189-->[com.google.android.gms:play-services-base:11.8.0] AndroidManifest.xml:25:13-37
190            android:theme="@android:style/Theme.Translucent.NoTitleBar" />
190-->[com.google.android.gms:play-services-base:11.8.0] AndroidManifest.xml:26:13-72
191    </application>
192
193</manifest>